ERROR 2026-05-09 11:54:44,678 log Internal Server Error: /admin/accounts/customuser/1/change/
Traceback (most recent call last):
  File "C:\Projects\Github\MedStream\med_env\Lib\site-packages\django\contrib\admin\options.py", line 831, in get_form
    return modelform_factory(self.model, **defaults)
  File "C:\Projects\Github\MedStream\med_env\Lib\site-packages\django\forms\models.py", line 675, in modelform_factory
    return type(form)(class_name, (form,), form_class_attrs)
           ~~~~~~~~~~^^^^^^^^^^^^^^^^^^^^^^^^^^^^^^^^^^^^^^^
  File "C:\Projects\Github\MedStream\med_env\Lib\site-packages\django\forms\models.py", line 336, in __new__
    raise FieldError(message)
django.core.exceptions.FieldError: Unknown field(s) (full_name) specified for CustomUser

During handling of the above exception, another exception occurred:

Traceback (most recent call last):
  File "C:\Projects\Github\MedStream\med_env\Lib\site-packages\asgiref\sync.py", line 557, in thread_handler
    raise exc_info[1]
  File "C:\Projects\Github\MedStream\med_env\Lib\site-packages\django\core\handlers\exception.py", line 42, in inner
    response = await get_response(request)
               ^^^^^^^^^^^^^^^^^^^^^^^^^^^
  File "C:\Projects\Github\MedStream\med_env\Lib\site-packages\asgiref\sync.py", line 557, in thread_handler
    raise exc_info[1]
  File "C:\Projects\Github\MedStream\med_env\Lib\site-packages\django\core\handlers\base.py", line 254, in _get_response_async
    response = await wrapped_callback(
               ^^^^^^^^^^^^^^^^^^^^^^^
        request, *callback_args, **callback_kwargs
        ^^^^^^^^^^^^^^^^^^^^^^^^^^^^^^^^^^^^^^^^^^
    )
    ^
  File "C:\Projects\Github\MedStream\med_env\Lib\site-packages\asgiref\sync.py", line 506, in __call__
    ret = await asyncio.shield(exec_coro)
          ^^^^^^^^^^^^^^^^^^^^^^^^^^^^^^^
  File "C:\Projects\Github\MedStream\med_env\Lib\site-packages\asgiref\current_thread_executor.py", line 40, in run
    result = self.fn(*self.args, **self.kwargs)
  File "C:\Projects\Github\MedStream\med_env\Lib\site-packages\asgiref\sync.py", line 561, in thread_handler
    return func(*args, **kwargs)
  File "C:\Projects\Github\MedStream\med_env\Lib\site-packages\django\contrib\admin\options.py", line 711, in wrapper
    return self.admin_site.admin_view(view)(*args, **kwargs)
           ~~~~~~~~~~~~~~~~~~~~~~~~~~~~~~~~^^^^^^^^^^^^^^^^^
  File "C:\Projects\Github\MedStream\med_env\Lib\site-packages\django\utils\decorators.py", line 192, in _view_wrapper
    result = _process_exception(request, e)
  File "C:\Projects\Github\MedStream\med_env\Lib\site-packages\django\utils\decorators.py", line 190, in _view_wrapper
    response = view_func(request, *args, **kwargs)
  File "C:\Projects\Github\MedStream\med_env\Lib\site-packages\django\views\decorators\cache.py", line 80, in _view_wrapper
    response = view_func(request, *args, **kwargs)
  File "C:\Projects\Github\MedStream\med_env\Lib\site-packages\django\contrib\admin\sites.py", line 247, in inner
    return view(request, *args, **kwargs)
  File "C:\Projects\Github\MedStream\med_env\Lib\site-packages\django\contrib\admin\options.py", line 1946, in change_view
    return self.changeform_view(request, object_id, form_url, extra_context)
           ~~~~~~~~~~~~~~~~~~~~^^^^^^^^^^^^^^^^^^^^^^^^^^^^^^^^^^^^^^^^^^^^^
  File "C:\Projects\Github\MedStream\med_env\Lib\site-packages\django\utils\decorators.py", line 48, in _wrapper
    return bound_method(*args, **kwargs)
  File "C:\Projects\Github\MedStream\med_env\Lib\site-packages\django\utils\decorators.py", line 192, in _view_wrapper
    result = _process_exception(request, e)
  File "C:\Projects\Github\MedStream\med_env\Lib\site-packages\django\utils\decorators.py", line 190, in _view_wrapper
    response = view_func(request, *args, **kwargs)
  File "C:\Projects\Github\MedStream\med_env\Lib\site-packages\django\contrib\admin\options.py", line 1799, in changeform_view
    return self._changeform_view(request, object_id, form_url, extra_context)
           ~~~~~~~~~~~~~~~~~~~~~^^^^^^^^^^^^^^^^^^^^^^^^^^^^^^^^^^^^^^^^^^^^^
  File "C:\Projects\Github\MedStream\med_env\Lib\site-packages\django\contrib\admin\options.py", line 1837, in _changeform_view
    ModelForm = self.get_form(
        request, obj, change=not add, fields=flatten_fieldsets(fieldsets)
    )
  File "C:\Projects\Github\MedStream\med_env\Lib\site-packages\django\contrib\auth\admin.py", line 95, in get_form
    return super().get_form(request, obj, **defaults)
           ~~~~~~~~~~~~~~~~^^^^^^^^^^^^^^^^^^^^^^^^^^
  File "C:\Projects\Github\MedStream\med_env\Lib\site-packages\django\contrib\admin\options.py", line 833, in get_form
    raise FieldError(
    ...<2 lines>...
    )
django.core.exceptions.FieldError: Unknown field(s) (full_name) specified for CustomUser. Check fields/fieldsets/exclude attributes of class CustomUserAdmin.
ERROR 2026-05-09 11:54:44,750 runserver [35;1mHTTP GET /admin/accounts/customuser/1/change/ 500 [0.46, 127.0.0.1:51524][0m
ERROR 2026-05-09 11:55:19,618 log Internal Server Error: /admin/accounts/customuser/1/change/
Traceback (most recent call last):
  File "C:\Projects\Github\MedStream\med_env\Lib\site-packages\django\contrib\admin\options.py", line 831, in get_form
    return modelform_factory(self.model, **defaults)
  File "C:\Projects\Github\MedStream\med_env\Lib\site-packages\django\forms\models.py", line 675, in modelform_factory
    return type(form)(class_name, (form,), form_class_attrs)
           ~~~~~~~~~~^^^^^^^^^^^^^^^^^^^^^^^^^^^^^^^^^^^^^^^
  File "C:\Projects\Github\MedStream\med_env\Lib\site-packages\django\forms\models.py", line 336, in __new__
    raise FieldError(message)
django.core.exceptions.FieldError: Unknown field(s) (full_name) specified for CustomUser

During handling of the above exception, another exception occurred:

Traceback (most recent call last):
  File "C:\Projects\Github\MedStream\med_env\Lib\site-packages\asgiref\sync.py", line 557, in thread_handler
    raise exc_info[1]
  File "C:\Projects\Github\MedStream\med_env\Lib\site-packages\django\core\handlers\exception.py", line 42, in inner
    response = await get_response(request)
               ^^^^^^^^^^^^^^^^^^^^^^^^^^^
  File "C:\Projects\Github\MedStream\med_env\Lib\site-packages\asgiref\sync.py", line 557, in thread_handler
    raise exc_info[1]
  File "C:\Projects\Github\MedStream\med_env\Lib\site-packages\django\core\handlers\base.py", line 254, in _get_response_async
    response = await wrapped_callback(
               ^^^^^^^^^^^^^^^^^^^^^^^
        request, *callback_args, **callback_kwargs
        ^^^^^^^^^^^^^^^^^^^^^^^^^^^^^^^^^^^^^^^^^^
    )
    ^
  File "C:\Projects\Github\MedStream\med_env\Lib\site-packages\asgiref\sync.py", line 506, in __call__
    ret = await asyncio.shield(exec_coro)
          ^^^^^^^^^^^^^^^^^^^^^^^^^^^^^^^
  File "C:\Projects\Github\MedStream\med_env\Lib\site-packages\asgiref\current_thread_executor.py", line 40, in run
    result = self.fn(*self.args, **self.kwargs)
  File "C:\Projects\Github\MedStream\med_env\Lib\site-packages\asgiref\sync.py", line 561, in thread_handler
    return func(*args, **kwargs)
  File "C:\Projects\Github\MedStream\med_env\Lib\site-packages\django\contrib\admin\options.py", line 711, in wrapper
    return self.admin_site.admin_view(view)(*args, **kwargs)
           ~~~~~~~~~~~~~~~~~~~~~~~~~~~~~~~~^^^^^^^^^^^^^^^^^
  File "C:\Projects\Github\MedStream\med_env\Lib\site-packages\django\utils\decorators.py", line 192, in _view_wrapper
    result = _process_exception(request, e)
  File "C:\Projects\Github\MedStream\med_env\Lib\site-packages\django\utils\decorators.py", line 190, in _view_wrapper
    response = view_func(request, *args, **kwargs)
  File "C:\Projects\Github\MedStream\med_env\Lib\site-packages\django\views\decorators\cache.py", line 80, in _view_wrapper
    response = view_func(request, *args, **kwargs)
  File "C:\Projects\Github\MedStream\med_env\Lib\site-packages\django\contrib\admin\sites.py", line 247, in inner
    return view(request, *args, **kwargs)
  File "C:\Projects\Github\MedStream\med_env\Lib\site-packages\django\contrib\admin\options.py", line 1946, in change_view
    return self.changeform_view(request, object_id, form_url, extra_context)
           ~~~~~~~~~~~~~~~~~~~~^^^^^^^^^^^^^^^^^^^^^^^^^^^^^^^^^^^^^^^^^^^^^
  File "C:\Projects\Github\MedStream\med_env\Lib\site-packages\django\utils\decorators.py", line 48, in _wrapper
    return bound_method(*args, **kwargs)
  File "C:\Projects\Github\MedStream\med_env\Lib\site-packages\django\utils\decorators.py", line 192, in _view_wrapper
    result = _process_exception(request, e)
  File "C:\Projects\Github\MedStream\med_env\Lib\site-packages\django\utils\decorators.py", line 190, in _view_wrapper
    response = view_func(request, *args, **kwargs)
  File "C:\Projects\Github\MedStream\med_env\Lib\site-packages\django\contrib\admin\options.py", line 1799, in changeform_view
    return self._changeform_view(request, object_id, form_url, extra_context)
           ~~~~~~~~~~~~~~~~~~~~~^^^^^^^^^^^^^^^^^^^^^^^^^^^^^^^^^^^^^^^^^^^^^
  File "C:\Projects\Github\MedStream\med_env\Lib\site-packages\django\contrib\admin\options.py", line 1837, in _changeform_view
    ModelForm = self.get_form(
        request, obj, change=not add, fields=flatten_fieldsets(fieldsets)
    )
  File "C:\Projects\Github\MedStream\med_env\Lib\site-packages\django\contrib\auth\admin.py", line 95, in get_form
    return super().get_form(request, obj, **defaults)
           ~~~~~~~~~~~~~~~~^^^^^^^^^^^^^^^^^^^^^^^^^^
  File "C:\Projects\Github\MedStream\med_env\Lib\site-packages\django\contrib\admin\options.py", line 833, in get_form
    raise FieldError(
    ...<2 lines>...
    )
django.core.exceptions.FieldError: Unknown field(s) (full_name) specified for CustomUser. Check fields/fieldsets/exclude attributes of class CustomUserAdmin.
ERROR 2026-05-09 11:55:19,635 runserver [35;1mHTTP GET /admin/accounts/customuser/1/change/ 500 [0.14, 127.0.0.1:51524][0m
